ERROR - 2022-07-07 06:02:59 --> Error connecting to the database: Access denied for user ''@'localhost' (using password: NO)
CRITICAL - 2022-07-07 06:02:59 --> Unable to connect to the database.
Main connection [MySQLi]: Access denied for user ''@'localhost' (using password: NO)
#0 C:\xampp\htdocs\UAS_Kas\ci4\system\Database\BaseConnection.php(577): CodeIgniter\Database\BaseConnection->initialize()
#1 C:\xampp\htdocs\UAS_Kas\ci4\system\Database\BaseBuilder.php(1455): CodeIgniter\Database\BaseConnection->query('SELECT *\nFROM `...', Array, false)
#2 C:\xampp\htdocs\UAS_Kas\ci4\system\Model.php(183): CodeIgniter\Database\BaseBuilder->get()
#3 C:\xampp\htdocs\UAS_Kas\ci4\system\BaseModel.php(584): CodeIgniter\Model->doFindAll(0, 0)
#4 C:\xampp\htdocs\UAS_Kas\ci4\app\Controllers\Data_Warga.php(13): CodeIgniter\BaseModel->findAll()
#5 C:\xampp\htdocs\UAS_Kas\ci4\system\CodeIgniter.php(832): App\Controllers\Data_Warga->index()
#6 C:\xampp\htdocs\UAS_Kas\ci4\system\CodeIgniter.php(419): CodeIgniter\CodeIgniter->runController(Object(App\Controllers\Data_Warga))
#7 C:\xampp\htdocs\UAS_Kas\ci4\system\CodeIgniter.php(326): CodeIgniter\CodeIgniter->handleRequest(NULL, Object(Config\Cache), false)
#8 C:\xampp\htdocs\UAS_Kas\ci4\public\index.php(37): CodeIgniter\CodeIgniter->run()
#9 C:\xampp\htdocs\UAS_Kas\ci4\system\Commands\Server\rewrite.php(43): require_once('C:\\xampp\\htdocs...')
#10 {main}
CRITICAL - 2022-07-07 07:29:52 --> auth filter must have a matching alias defined.
#0 C:\xampp\htdocs\UAS_Kas\ci4\system\Filters\Filters.php(340): CodeIgniter\Filters\Exceptions\FilterException::forNoAlias('auth')
#1 C:\xampp\htdocs\UAS_Kas\ci4\system\CodeIgniter.php(384): CodeIgniter\Filters\Filters->enableFilter('auth', 'before')
#2 C:\xampp\htdocs\UAS_Kas\ci4\system\CodeIgniter.php(326): CodeIgniter\CodeIgniter->handleRequest(NULL, Object(Config\Cache), false)
#3 C:\xampp\htdocs\UAS_Kas\ci4\public\index.php(37): CodeIgniter\CodeIgniter->run()
#4 C:\xampp\htdocs\UAS_Kas\ci4\system\Commands\Server\rewrite.php(43): require_once('C:\\xampp\\htdocs...')
#5 {main}
ERROR - 2022-07-07 07:50:54 --> Error connecting to the database: No connection could be made because the target machine actively refused it.

CRITICAL - 2022-07-07 07:50:54 --> Unable to connect to the database.
Main connection [MySQLi]: No connection could be made because the target machine actively refused it.

#0 C:\xampp\htdocs\UAS_Kas\ci4\system\Database\BaseConnection.php(577): CodeIgniter\Database\BaseConnection->initialize()
#1 C:\xampp\htdocs\UAS_Kas\ci4\system\Database\BaseBuilder.php(1455): CodeIgniter\Database\BaseConnection->query('SELECT *\nFROM `...', Array, false)
#2 C:\xampp\htdocs\UAS_Kas\ci4\system\Model.php(183): CodeIgniter\Database\BaseBuilder->get()
#3 C:\xampp\htdocs\UAS_Kas\ci4\system\BaseModel.php(584): CodeIgniter\Model->doFindAll(0, 0)
#4 C:\xampp\htdocs\UAS_Kas\ci4\app\Controllers\Data_Warga.php(13): CodeIgniter\BaseModel->findAll()
#5 C:\xampp\htdocs\UAS_Kas\ci4\system\CodeIgniter.php(832): App\Controllers\Data_Warga->index()
#6 C:\xampp\htdocs\UAS_Kas\ci4\system\CodeIgniter.php(419): CodeIgniter\CodeIgniter->runController(Object(App\Controllers\Data_Warga))
#7 C:\xampp\htdocs\UAS_Kas\ci4\system\CodeIgniter.php(326): CodeIgniter\CodeIgniter->handleRequest(NULL, Object(Config\Cache), false)
#8 C:\xampp\htdocs\UAS_Kas\ci4\public\index.php(37): CodeIgniter\CodeIgniter->run()
#9 C:\xampp\htdocs\UAS_Kas\ci4\system\Commands\Server\rewrite.php(43): require_once('C:\\xampp\\htdocs...')
#10 {main}
ERROR - 2022-07-07 07:52:04 --> Error connecting to the database: No connection could be made because the target machine actively refused it.

CRITICAL - 2022-07-07 07:52:04 --> Unable to connect to the database.
Main connection [MySQLi]: No connection could be made because the target machine actively refused it.

#0 C:\xampp\htdocs\UAS_Kas\ci4\system\Database\BaseConnection.php(577): CodeIgniter\Database\BaseConnection->initialize()
#1 C:\xampp\htdocs\UAS_Kas\ci4\system\Database\BaseBuilder.php(1455): CodeIgniter\Database\BaseConnection->query('SELECT *\nFROM `...', Array, false)
#2 C:\xampp\htdocs\UAS_Kas\ci4\system\Model.php(183): CodeIgniter\Database\BaseBuilder->get()
#3 C:\xampp\htdocs\UAS_Kas\ci4\system\BaseModel.php(584): CodeIgniter\Model->doFindAll(0, 0)
#4 C:\xampp\htdocs\UAS_Kas\ci4\app\Controllers\Data_Warga.php(13): CodeIgniter\BaseModel->findAll()
#5 C:\xampp\htdocs\UAS_Kas\ci4\system\CodeIgniter.php(832): App\Controllers\Data_Warga->index()
#6 C:\xampp\htdocs\UAS_Kas\ci4\system\CodeIgniter.php(419): CodeIgniter\CodeIgniter->runController(Object(App\Controllers\Data_Warga))
#7 C:\xampp\htdocs\UAS_Kas\ci4\system\CodeIgniter.php(326): CodeIgniter\CodeIgniter->handleRequest(NULL, Object(Config\Cache), false)
#8 C:\xampp\htdocs\UAS_Kas\ci4\public\index.php(37): CodeIgniter\CodeIgniter->run()
#9 C:\xampp\htdocs\UAS_Kas\ci4\system\Commands\Server\rewrite.php(43): require_once('C:\\xampp\\htdocs...')
#10 {main}
ERROR - 2022-07-07 07:53:08 --> Error connecting to the database: No connection could be made because the target machine actively refused it.

CRITICAL - 2022-07-07 07:53:08 --> Unable to connect to the database.
Main connection [MySQLi]: No connection could be made because the target machine actively refused it.

#0 C:\xampp\htdocs\UAS_Kas\ci4\system\Database\BaseConnection.php(577): CodeIgniter\Database\BaseConnection->initialize()
#1 C:\xampp\htdocs\UAS_Kas\ci4\system\Database\BaseBuilder.php(1455): CodeIgniter\Database\BaseConnection->query('SELECT *\nFROM `...', Array, false)
#2 C:\xampp\htdocs\UAS_Kas\ci4\system\Model.php(183): CodeIgniter\Database\BaseBuilder->get()
#3 C:\xampp\htdocs\UAS_Kas\ci4\system\BaseModel.php(584): CodeIgniter\Model->doFindAll(0, 0)
#4 C:\xampp\htdocs\UAS_Kas\ci4\app\Controllers\Data_Warga.php(13): CodeIgniter\BaseModel->findAll()
#5 C:\xampp\htdocs\UAS_Kas\ci4\system\CodeIgniter.php(832): App\Controllers\Data_Warga->index()
#6 C:\xampp\htdocs\UAS_Kas\ci4\system\CodeIgniter.php(419): CodeIgniter\CodeIgniter->runController(Object(App\Controllers\Data_Warga))
#7 C:\xampp\htdocs\UAS_Kas\ci4\system\CodeIgniter.php(326): CodeIgniter\CodeIgniter->handleRequest(NULL, Object(Config\Cache), false)
#8 C:\xampp\htdocs\UAS_Kas\ci4\public\index.php(37): CodeIgniter\CodeIgniter->run()
#9 C:\xampp\htdocs\UAS_Kas\ci4\system\Commands\Server\rewrite.php(43): require_once('C:\\xampp\\htdocs...')
#10 {main}
CRITICAL - 2022-07-07 07:55:56 --> Deletes are not allowed unless they contain a "where" or "like" clause.
#0 C:\xampp\htdocs\UAS_Kas\ci4\system\Model.php(359): CodeIgniter\Database\BaseBuilder->delete()
#1 C:\xampp\htdocs\UAS_Kas\ci4\system\BaseModel.php(963): CodeIgniter\Model->doDelete('0', false)
#2 C:\xampp\htdocs\UAS_Kas\ci4\app\Controllers\Data_Warga.php(78): CodeIgniter\BaseModel->delete('0')
#3 C:\xampp\htdocs\UAS_Kas\ci4\system\CodeIgniter.php(832): App\Controllers\Data_Warga->delete('0')
#4 C:\xampp\htdocs\UAS_Kas\ci4\system\CodeIgniter.php(419): CodeIgniter\CodeIgniter->runController(Object(App\Controllers\Data_Warga))
#5 C:\xampp\htdocs\UAS_Kas\ci4\system\CodeIgniter.php(326): CodeIgniter\CodeIgniter->handleRequest(NULL, Object(Config\Cache), false)
#6 C:\xampp\htdocs\UAS_Kas\ci4\public\index.php(37): CodeIgniter\CodeIgniter->run()
#7 C:\xampp\htdocs\UAS_Kas\ci4\system\Commands\Server\rewrite.php(43): require_once('C:\\xampp\\htdocs...')
#8 {main}
CRITICAL - 2022-07-07 08:06:02 --> Deletes are not allowed unless they contain a "where" or "like" clause.
#0 C:\xampp\htdocs\UAS_Kas\ci4\system\Model.php(359): CodeIgniter\Database\BaseBuilder->delete()
#1 C:\xampp\htdocs\UAS_Kas\ci4\system\BaseModel.php(963): CodeIgniter\Model->doDelete('0', false)
#2 C:\xampp\htdocs\UAS_Kas\ci4\app\Controllers\Data_Warga.php(78): CodeIgniter\BaseModel->delete('0')
#3 C:\xampp\htdocs\UAS_Kas\ci4\system\CodeIgniter.php(832): App\Controllers\Data_Warga->delete('0')
#4 C:\xampp\htdocs\UAS_Kas\ci4\system\CodeIgniter.php(419): CodeIgniter\CodeIgniter->runController(Object(App\Controllers\Data_Warga))
#5 C:\xampp\htdocs\UAS_Kas\ci4\system\CodeIgniter.php(326): CodeIgniter\CodeIgniter->handleRequest(NULL, Object(Config\Cache), false)
#6 C:\xampp\htdocs\UAS_Kas\ci4\public\index.php(37): CodeIgniter\CodeIgniter->run()
#7 C:\xampp\htdocs\UAS_Kas\ci4\system\Commands\Server\rewrite.php(43): require_once('C:\\xampp\\htdocs...')
#8 {main}
ERROR - 2022-07-07 08:07:13 --> Duplicate entry '0' for key 'PRIMARY'
CRITICAL - 2022-07-07 08:07:13 --> Duplicate entry '0' for key 'PRIMARY'
#0 C:\xampp\htdocs\UAS_Kas\ci4\system\Database\MySQLi\Connection.php(292): mysqli->query('INSERT INTO `wa...', 0)
#1 C:\xampp\htdocs\UAS_Kas\ci4\system\Database\BaseConnection.php(670): CodeIgniter\Database\MySQLi\Connection->execute('INSERT INTO `wa...')
#2 C:\xampp\htdocs\UAS_Kas\ci4\system\Database\BaseConnection.php(598): CodeIgniter\Database\BaseConnection->simpleQuery('INSERT INTO `wa...')
#3 C:\xampp\htdocs\UAS_Kas\ci4\system\Database\BaseBuilder.php(1771): CodeIgniter\Database\BaseConnection->query('INSERT INTO `wa...', Array, false)
#4 C:\xampp\htdocs\UAS_Kas\ci4\system\Model.php(239): CodeIgniter\Database\BaseBuilder->insert()
#5 C:\xampp\htdocs\UAS_Kas\ci4\system\BaseModel.php(738): CodeIgniter\Model->doInsert(Array)
#6 C:\xampp\htdocs\UAS_Kas\ci4\system\Model.php(625): CodeIgniter\BaseModel->insert(Array, true)
#7 C:\xampp\htdocs\UAS_Kas\ci4\app\Controllers\Data_Warga.php(41): CodeIgniter\Model->insert(Array)
#8 C:\xampp\htdocs\UAS_Kas\ci4\system\CodeIgniter.php(832): App\Controllers\Data_Warga->add()
#9 C:\xampp\htdocs\UAS_Kas\ci4\system\CodeIgniter.php(419): CodeIgniter\CodeIgniter->runController(Object(App\Controllers\Data_Warga))
#10 C:\xampp\htdocs\UAS_Kas\ci4\system\CodeIgniter.php(326): CodeIgniter\CodeIgniter->handleRequest(NULL, Object(Config\Cache), false)
#11 C:\xampp\htdocs\UAS_Kas\ci4\public\index.php(37): CodeIgniter\CodeIgniter->run()
#12 C:\xampp\htdocs\UAS_Kas\ci4\system\Commands\Server\rewrite.php(43): require_once('C:\\xampp\\htdocs...')
#13 {main}
ERROR - 2022-07-07 08:52:47 --> Table 'ci4.user' doesn't exist
ERROR - 2022-07-07 18:50:26 --> Cannot add or update a child row: a foreign key constraint fails (`ci4`.`iuran`, CONSTRAINT `iuran_ibfk_1` FOREIGN KEY (`warga_id`) REFERENCES `warga` (`warga_id`))
CRITICAL - 2022-07-07 18:50:26 --> Cannot add or update a child row: a foreign key constraint fails (`ci4`.`iuran`, CONSTRAINT `iuran_ibfk_1` FOREIGN KEY (`warga_id`) REFERENCES `warga` (`warga_id`))
#0 C:\xampp\htdocs\UAS_Kas\ci4\system\Database\MySQLi\Connection.php(292): mysqli->query('INSERT INTO `iu...', 0)
#1 C:\xampp\htdocs\UAS_Kas\ci4\system\Database\BaseConnection.php(670): CodeIgniter\Database\MySQLi\Connection->execute('INSERT INTO `iu...')
#2 C:\xampp\htdocs\UAS_Kas\ci4\system\Database\BaseConnection.php(598): CodeIgniter\Database\BaseConnection->simpleQuery('INSERT INTO `iu...')
#3 C:\xampp\htdocs\UAS_Kas\ci4\system\Database\BaseBuilder.php(1771): CodeIgniter\Database\BaseConnection->query('INSERT INTO `iu...', Array, false)
#4 C:\xampp\htdocs\UAS_Kas\ci4\system\Model.php(239): CodeIgniter\Database\BaseBuilder->insert()
#5 C:\xampp\htdocs\UAS_Kas\ci4\system\BaseModel.php(738): CodeIgniter\Model->doInsert(Array)
#6 C:\xampp\htdocs\UAS_Kas\ci4\system\Model.php(625): CodeIgniter\BaseModel->insert(Array, true)
#7 C:\xampp\htdocs\UAS_Kas\ci4\app\Controllers\iuran.php(41): CodeIgniter\Model->insert(Array)
#8 C:\xampp\htdocs\UAS_Kas\ci4\system\CodeIgniter.php(832): App\Controllers\iuran->add()
#9 C:\xampp\htdocs\UAS_Kas\ci4\system\CodeIgniter.php(419): CodeIgniter\CodeIgniter->runController(Object(App\Controllers\iuran))
#10 C:\xampp\htdocs\UAS_Kas\ci4\system\CodeIgniter.php(326): CodeIgniter\CodeIgniter->handleRequest(NULL, Object(Config\Cache), false)
#11 C:\xampp\htdocs\UAS_Kas\ci4\public\index.php(37): CodeIgniter\CodeIgniter->run()
#12 C:\xampp\htdocs\UAS_Kas\ci4\system\Commands\Server\rewrite.php(43): require_once('C:\\xampp\\htdocs...')
#13 {main}
